<?xml version="1.0" encoding="UTF-8"?>
<!-- Generated by org.testng.reporters.JUnitReportReporter -->
<testsuite skipped="0" hostname="DESKTOP-4SC5RBR" name="com.infy.practice.testcases.OpenAccountFunctionality" tests="3" failures="0" timestamp="2020-05-29T01:49:50 IST" time="9.602" errors="0">
  <testcase name="Create_New_Customer_Open_A_Pound_Account_And_Verify" time="3.035" classname="com.infy.practice.testcases.OpenAccountFunctionality"/>
  <system-out/>
  <testcase name="Create_New_Customer_Open_A_Rupee_Account_And_Verify" time="2.976" classname="com.infy.practice.testcases.OpenAccountFunctionality"/>
  <system-out/>
  <testcase name="Create_New_Customer_Open_A_Dollar_Account_And_Verify" time="3.591" classname="com.infy.practice.testcases.OpenAccountFunctionality"/>
  <system-out/>
</testsuite> <!-- com.infy.practice.testcases.OpenAccountFunctionality -->
