<?xml version="1.0" encoding="UTF-8"?>
<!-- Generated by org.testng.reporters.JUnitReportReporter -->
<testsuite skipped="0" hostname="DESKTOP-4SC5RBR" name="com.infy.practice.testcases.DifferentActions" tests="2" failures="0" timestamp="2020-05-29T01:49:50 IST" time="10.422" errors="0">
  <testcase name="Upload_File_Using_Send_Keys" time="5.118" classname="com.infy.practice.testcases.DifferentActions"/>
  <system-out/>
  <testcase name="Window_Authorization" time="5.304" classname="com.infy.practice.testcases.DifferentActions"/>
  <system-out/>
</testsuite> <!-- com.infy.practice.testcases.DifferentActions -->
