<?xml version="1.0" encoding="UTF-8"?>
<!-- Generated by org.testng.reporters.JUnitReportReporter -->
<testsuite skipped="0" hostname="DESKTOP-4SC5RBR" name="com.infy.practice.testcases.CreateDeleteCustomerFunctionality" tests="3" failures="0" timestamp="2020-05-25T23:05:02 IST" time="18.796" errors="0">
  <testcase name="Create_New_Customer" time="16.616" classname="com.infy.practice.testcases.CreateDeleteCustomerFunctionality"/>
  <system-out/>
  <testcase name="Delete_Newly_Created_Customer" time="0.866" classname="com.infy.practice.testcases.CreateDeleteCustomerFunctionality"/>
  <system-out/>
  <testcase name="Verify_Newly_Created_Customer_In_Customer_Table" time="1.314" classname="com.infy.practice.testcases.CreateDeleteCustomerFunctionality"/>
  <system-out/>
</testsuite> <!-- com.infy.practice.testcases.CreateDeleteCustomerFunctionality -->
