<?xml version="1.0" encoding="UTF-8"?>
<!-- Generated by org.testng.reporters.JUnitReportReporter -->
<testsuite skipped="1" hostname="DESKTOP-4SC5RBR" name="com.infy.practice.testcases.OpenAccountFunctionality" tests="3" failures="0" timestamp="2020-05-28T22:09:38 IST" time="5.747" errors="0">
  <testcase name="Create_New_Customer_Open_A_Pound_Account_And_Verify" time="2.793" classname="com.infy.practice.testcases.OpenAccountFunctionality"/>
  <system-out/>
  <testcase name="Create_New_Customer_Open_A_Dollar_Account_And_Verify" time="2.917" classname="com.infy.practice.testcases.OpenAccountFunctionality"/>
  <system-out/>
  <testcase name="Create_New_Customer_Open_A_Rupee_Account_And_Verify" time="0.037" classname="com.infy.practice.testcases.OpenAccountFunctionality">
    <skipped/>
  </testcase> <!-- Create_New_Customer_Open_A_Rupee_Account_And_Verify -->
  <system-out/>
</testsuite> <!-- com.infy.practice.testcases.OpenAccountFunctionality -->
