<?xml version="1.0" encoding="UTF-8"?>
<!-- Generated by org.testng.reporters.JUnitReportReporter -->
<testsuite skipped="0" hostname="DESKTOP-4SC5RBR" name="com.infy.practice.testcases.CreateDeleteCustFunctionality" tests="3" failures="0" timestamp="2020-05-29T01:49:50 IST" time="6.294" errors="0">
  <testcase name="Create_New_Customer" time="3.578" classname="com.infy.practice.testcases.CreateDeleteCustFunctionality"/>
  <system-out/>
  <testcase name="Verify_Newly_Created_Customer_In_Customer_Table" time="1.314" classname="com.infy.practice.testcases.CreateDeleteCustFunctionality"/>
  <system-out/>
  <testcase name="Delete_Newly_Created_Customer" time="1.402" classname="com.infy.practice.testcases.CreateDeleteCustFunctionality"/>
  <system-out/>
</testsuite> <!-- com.infy.practice.testcases.CreateDeleteCustFunctionality -->
