<?xml version="1.0" encoding="UTF-8"?>
<!-- Generated by org.testng.reporters.JUnitReportReporter -->
<testsuite skipped="0" hostname="DESKTOP-4SC5RBR" name="com.infy.practice.testcases.OpenAccountFunctionality" tests="3" failures="0" timestamp="2020-06-01T19:48:03 IST" time="10.640" errors="0">
  <testcase name="Create_New_Customer_Open_A_Rupee_Account_And_Verify" time="3.607" classname="com.infy.practice.testcases.OpenAccountFunctionality"/>
  <system-out/>
  <testcase name="Create_New_Customer_Open_A_Pound_Account_And_Verify" time="3.490" classname="com.infy.practice.testcases.OpenAccountFunctionality"/>
  <system-out/>
  <testcase name="Create_New_Customer_Open_A_Dollar_Account_And_Verify" time="3.543" classname="com.infy.practice.testcases.OpenAccountFunctionality"/>
  <system-out/>
</testsuite> <!-- com.infy.practice.testcases.OpenAccountFunctionality -->
