<?xml version="1.0" encoding="UTF-8"?>
<!-- Generated by org.testng.reporters.JUnitReportReporter -->
<testsuite skipped="1" hostname="DESKTOP-4SC5RBR" name="com.infy.practice.testcases.OpenAccountFunctionality" tests="3" failures="0" timestamp="2020-05-26T13:58:44 IST" time="6.122" errors="0">
  <testcase name="Create_New_Customer_Open_A_Rupee_Account_And_Verify" time="0.043" classname="com.infy.practice.testcases.OpenAccountFunctionality">
    <skipped/>
  </testcase> <!-- Create_New_Customer_Open_A_Rupee_Account_And_Verify -->
  <system-out/>
  <testcase name="Create_New_Customer_Open_A_Dollar_Account_And_Verify" time="3.021" classname="com.infy.practice.testcases.OpenAccountFunctionality"/>
  <system-out/>
  <testcase name="Create_New_Customer_Open_A_Pound_Account_And_Verify" time="3.058" classname="com.infy.practice.testcases.OpenAccountFunctionality"/>
  <system-out/>
</testsuite> <!-- com.infy.practice.testcases.OpenAccountFunctionality -->
