<?xml version="1.0" encoding="UTF-8"?>
<!-- Generated by org.testng.reporters.JUnitReportReporter -->
<testsuite skipped="0" hostname="DESKTOP-4SC5RBR" name="com.infy.practice.testcases.DifferentActions" tests="2" failures="0" timestamp="2020-06-01T19:48:03 IST" time="31.298" errors="0">
  <testcase name="Upload_File_Using_Send_Keys" time="9.896" classname="com.infy.practice.testcases.DifferentActions"/>
  <system-out/>
  <testcase name="Window_Authorization" time="21.402" classname="com.infy.practice.testcases.DifferentActions"/>
  <system-out/>
</testsuite> <!-- com.infy.practice.testcases.DifferentActions -->
