<?xml version="1.0" encoding="UTF-8"?>
<!-- Generated by org.testng.reporters.JUnitReportReporter -->
<testsuite skipped="0" hostname="DESKTOP-4SC5RBR" name="com.infy.practice.testcases.DepositWithdrawFunctionality" tests="4" failures="0" timestamp="2020-06-01T19:48:03 IST" time="13.253" errors="0">
  <testcase name="Verify_Initial_Account_Balance" time="1.206" classname="com.infy.practice.testcases.DepositWithdrawFunctionality"/>
  <system-out/>
  <testcase name="Withdraw_Amount_And_Verify" time="0.651" classname="com.infy.practice.testcases.DepositWithdrawFunctionality"/>
  <system-out/>
  <testcase name="Withdraw_Amount_More_Than_Balance" time="10.725" classname="com.infy.practice.testcases.DepositWithdrawFunctionality"/>
  <system-out/>
  <testcase name="Deposit_Amount_And_Verify" time="0.671" classname="com.infy.practice.testcases.DepositWithdrawFunctionality"/>
  <system-out/>
</testsuite> <!-- com.infy.practice.testcases.DepositWithdrawFunctionality -->
