<?xml version="1.0" encoding="UTF-8"?>
<!-- Generated by org.testng.reporters.JUnitReportReporter -->
<testsuite skipped="0" hostname="DESKTOP-4SC5RBR" name="com.infy.practice.testcases.CreateDeleteCustFunctionality" tests="3" failures="0" timestamp="2020-06-01T19:48:03 IST" time="7.376" errors="0">
  <testcase name="Create_New_Customer" time="4.640" classname="com.infy.practice.testcases.CreateDeleteCustFunctionality"/>
  <system-out/>
  <testcase name="Verify_Newly_Created_Customer_In_Customer_Table" time="1.410" classname="com.infy.practice.testcases.CreateDeleteCustFunctionality"/>
  <system-out/>
  <testcase name="Delete_Newly_Created_Customer" time="1.326" classname="com.infy.practice.testcases.CreateDeleteCustFunctionality"/>
  <system-out/>
</testsuite> <!-- com.infy.practice.testcases.CreateDeleteCustFunctionality -->
